{"/Users/arana/Downloads/backend-test/src/constants/constant.ts": {"path":"/Users/arana/Downloads/backend-test/src/constants/constant.ts","statementMap":{"0":{"start":{"line":1,"column":0},"end":{"line":1,"column":28}},"1":{"start":{"line":3,"column":0},"end":{"line":3,"column":16}},"2":{"start":{"line":4,"column":13},"end":{"line":8,"column":2}}},"fnMap":{},"branchMap":{},"s":{"0":1,"1":1,"2":1},"f":{},"b":{}}
,"/Users/arana/Downloads/backend-test/src/controllers/index.ts": {"path":"/Users/arana/Downloads/backend-test/src/controllers/index.ts","statementMap":{"0":{"start":{"line":1,"column":0},"end":{"line":1,"column":55}},"1":{"start":{"line":3,"column":22},"end":{"line":3,"column":44}},"2":{"start":{"line":5,"column":2},"end":{"line":5,"column":17}}},"fnMap":{},"branchMap":{},"s":{"0":1,"1":1,"2":1},"f":{},"b":{}}
,"/Users/arana/Downloads/backend-test/src/controllers/orders_controller.ts": {"path":"/Users/arana/Downloads/backend-test/src/controllers/orders_controller.ts","statementMap":{"0":{"start":{"line":1,"column":0},"end":{"line":1,"column":28}},"1":{"start":{"line":2,"column":0},"end":{"line":2,"column":16}},"2":{"start":{"line":3,"column":0},"end":{"line":3,"column":49}},"3":{"start":{"line":4,"column":0},"end":{"line":4,"column":44}},"4":{"start":{"line":5,"column":0},"end":{"line":5,"column":56}},"5":{"start":{"line":9,"column":19},"end":{"line":9,"column":34}},"6":{"start":{"line":10,"column":4},"end":{"line":16,"column":null}},"7":{"start":{"line":11,"column":25},"end":{"line":11,"column":60}},"8":{"start":{"line":12,"column":6},"end":{"line":12,"column":19}},"9":{"start":{"line":14,"column":6},"end":{"line":14,"column":47}},"10":{"start":{"line":15,"column":6},"end":{"line":15,"column":33}},"11":{"start":{"line":20,"column":19},"end":{"line":20,"column":35}},"12":{"start":{"line":21,"column":4},"end":{"line":29,"column":null}},"13":{"start":{"line":22,"column":25},"end":{"line":24,"column":8}},"14":{"start":{"line":25,"column":6},"end":{"line":25,"column":19}},"15":{"start":{"line":27,"column":6},"end":{"line":27,"column":47}},"16":{"start":{"line":28,"column":6},"end":{"line":28,"column":33}},"17":{"start":{"line":33,"column":19},"end":{"line":33,"column":31}},"18":{"start":{"line":34,"column":4},"end":{"line":43,"column":null}},"19":{"start":{"line":35,"column":19},"end":{"line":35,"column":23}},"20":{"start":{"line":36,"column":25},"end":{"line":38,"column":8}},"21":{"start":{"line":39,"column":6},"end":{"line":39,"column":19}},"22":{"start":{"line":41,"column":6},"end":{"line":41,"column":47}},"23":{"start":{"line":42,"column":6},"end":{"line":42,"column":33}},"24":{"start":{"line":47,"column":19},"end":{"line":47,"column":34}},"25":{"start":{"line":48,"column":4},"end":{"line":71,"column":null}},"26":{"start":{"line":49,"column":41},"end":{"line":49,"column":45}},"27":{"start":{"line":50,"column":25},"end":{"line":52,"column":8}},"28":{"start":{"line":53,"column":23},"end":{"line":53,"column":64}},"29":{"start":{"line":54,"column":6},"end":{"line":67,"column":null}},"30":{"start":{"line":55,"column":22},"end":{"line":63,"column":10}},"31":{"start":{"line":64,"column":8},"end":{"line":64,"column":21}},"32":{"start":{"line":66,"column":8},"end":{"line":66,"column":61}},"33":{"start":{"line":69,"column":6},"end":{"line":69,"column":47}},"34":{"start":{"line":70,"column":6},"end":{"line":70,"column":33}},"35":{"start":{"line":75,"column":19},"end":{"line":75,"column":34}},"36":{"start":{"line":76,"column":4},"end":{"line":85,"column":null}},"37":{"start":{"line":77,"column":19},"end":{"line":77,"column":23}},"38":{"start":{"line":78,"column":20},"end":{"line":80,"column":8}},"39":{"start":{"line":81,"column":6},"end":{"line":81,"column":19}},"40":{"start":{"line":83,"column":6},"end":{"line":83,"column":47}},"41":{"start":{"line":84,"column":6},"end":{"line":84,"column":33}},"42":{"start":{"line":7,"column":0},"end":{"line":7,"column":13}}},"fnMap":{"0":{"name":"(anonymous_1)","decl":{"start":{"line":8,"column":2},"end":{"line":8,"column":7}},"loc":{"start":{"line":8,"column":51},"end":{"line":17,"column":3}}},"1":{"name":"(anonymous_2)","decl":{"start":{"line":19,"column":2},"end":{"line":19,"column":7}},"loc":{"start":{"line":19,"column":52},"end":{"line":30,"column":3}}},"2":{"name":"(anonymous_3)","decl":{"start":{"line":32,"column":2},"end":{"line":32,"column":7}},"loc":{"start":{"line":32,"column":48},"end":{"line":44,"column":3}}},"3":{"name":"(anonymous_4)","decl":{"start":{"line":46,"column":2},"end":{"line":46,"column":7}},"loc":{"start":{"line":46,"column":51},"end":{"line":72,"column":3}}},"4":{"name":"(anonymous_5)","decl":{"start":{"line":74,"column":2},"end":{"line":74,"column":7}},"loc":{"start":{"line":74,"column":51},"end":{"line":86,"column":3}}}},"branchMap":{"0":{"loc":{"start":{"line":54,"column":6},"end":{"line":67,"column":null}},"type":"if","locations":[{"start":{"line":54,"column":6},"end":{"line":67,"column":null}},{"start":{"line":65,"column":13},"end":{"line":67,"column":null}}]}},"s":{"0":1,"1":1,"2":1,"3":1,"4":1,"5":0,"6":0,"7":0,"8":0,"9":0,"10":0,"11":0,"12":0,"13":0,"14":0,"15":0,"16":0,"17":1,"18":1,"19":1,"20":1,"21":0,"22":1,"23":1,"24":1,"25":1,"26":1,"27":1,"28":0,"29":0,"30":0,"31":0,"32":0,"33":1,"34":1,"35":0,"36":0,"37":0,"38":0,"39":0,"40":0,"41":0,"42":1},"f":{"0":0,"1":0,"2":1,"3":1,"4":0},"b":{"0":[0,0]}}
,"/Users/arana/Downloads/backend-test/src/services/_OrdersService.ts": {"path":"/Users/arana/Downloads/backend-test/src/services/_OrdersService.ts","statementMap":{"0":{"start":{"line":2,"column":0},"end":{"line":2,"column":58}},"1":{"start":{"line":6,"column":4},"end":{"line":6,"column":46}},"2":{"start":{"line":9,"column":4},"end":{"line":9,"column":44}},"3":{"start":{"line":12,"column":4},"end":{"line":12,"column":45}},"4":{"start":{"line":15,"column":4},"end":{"line":15,"column":43}},"5":{"start":{"line":18,"column":4},"end":{"line":18,"column":47}},"6":{"start":{"line":21,"column":4},"end":{"line":21,"column":43}},"7":{"start":{"line":24,"column":4},"end":{"line":24,"column":47}},"8":{"start":{"line":27,"column":4},"end":{"line":27,"column":43}},"9":{"start":{"line":30,"column":4},"end":{"line":30,"column":47}},"10":{"start":{"line":4,"column":0},"end":{"line":4,"column":13}}},"fnMap":{"0":{"name":"(anonymous_0)","decl":{"start":{"line":5,"column":2},"end":{"line":5,"column":7}},"loc":{"start":{"line":5,"column":29},"end":{"line":7,"column":3}}},"1":{"name":"(anonymous_1)","decl":{"start":{"line":8,"column":2},"end":{"line":8,"column":7}},"loc":{"start":{"line":8,"column":27},"end":{"line":10,"column":3}}},"2":{"name":"(anonymous_2)","decl":{"start":{"line":11,"column":2},"end":{"line":11,"column":7}},"loc":{"start":{"line":11,"column":28},"end":{"line":13,"column":3}}},"3":{"name":"(anonymous_3)","decl":{"start":{"line":14,"column":2},"end":{"line":14,"column":7}},"loc":{"start":{"line":14,"column":28},"end":{"line":16,"column":3}}},"4":{"name":"(anonymous_4)","decl":{"start":{"line":17,"column":2},"end":{"line":17,"column":7}},"loc":{"start":{"line":17,"column":29},"end":{"line":19,"column":3}}},"5":{"name":"(anonymous_5)","decl":{"start":{"line":20,"column":2},"end":{"line":20,"column":7}},"loc":{"start":{"line":20,"column":28},"end":{"line":22,"column":3}}},"6":{"name":"(anonymous_6)","decl":{"start":{"line":23,"column":2},"end":{"line":23,"column":7}},"loc":{"start":{"line":23,"column":29},"end":{"line":25,"column":3}}},"7":{"name":"(anonymous_7)","decl":{"start":{"line":26,"column":2},"end":{"line":26,"column":7}},"loc":{"start":{"line":26,"column":28},"end":{"line":28,"column":3}}},"8":{"name":"(anonymous_8)","decl":{"start":{"line":29,"column":2},"end":{"line":29,"column":7}},"loc":{"start":{"line":29,"column":29},"end":{"line":31,"column":3}}}},"branchMap":{},"s":{"0":1,"1":0,"2":1,"3":1,"4":0,"5":0,"6":0,"7":0,"8":0,"9":0,"10":1},"f":{"0":0,"1":1,"2":1,"3":0,"4":0,"5":0,"6":0,"7":0,"8":0},"b":{}}
,"/Users/arana/Downloads/backend-test/src/services/index.ts": {"path":"/Users/arana/Downloads/backend-test/src/services/index.ts","statementMap":{"0":{"start":{"line":1,"column":0},"end":{"line":1,"column":50}},"1":{"start":{"line":3,"column":20},"end":{"line":3,"column":40}},"2":{"start":{"line":6,"column":2},"end":{"line":6,"column":15}}},"fnMap":{},"branchMap":{},"s":{"0":1,"1":1,"2":1},"f":{},"b":{}}
,"/Users/arana/Downloads/backend-test/src/services/prisma_client.ts": {"path":"/Users/arana/Downloads/backend-test/src/services/prisma_client.ts","statementMap":{"0":{"start":{"line":1,"column":0},"end":{"line":1,"column":46}},"1":{"start":{"line":2,"column":20},"end":{"line":21,"column":4}},"2":{"start":{"line":38,"column":9},"end":{"line":38,"column":22}},"3":{"start":{"line":23,"column":0},"end":{"line":31,"column":null}},"4":{"start":{"line":24,"column":3},"end":{"line":30,"column":5}},"5":{"start":{"line":26,"column":4},"end":{"line":26,"column":37}},"6":{"start":{"line":27,"column":4},"end":{"line":27,"column":39}},"7":{"start":{"line":28,"column":4},"end":{"line":28,"column":50}},"8":{"start":{"line":34,"column":13},"end":{"line":34,"column":46}},"9":{"start":{"line":35,"column":13},"end":{"line":37,"column":3}}},"fnMap":{"0":{"name":"(anonymous_0)","decl":{"start":{"line":24,"column":30},"end":{"line":24,"column":31}},"loc":{"start":{"line":24,"column":40},"end":{"line":30,"column":3}}}},"branchMap":{"0":{"loc":{"start":{"line":23,"column":0},"end":{"line":31,"column":null}},"type":"if","locations":[{"start":{"line":23,"column":0},"end":{"line":31,"column":null}}]}},"s":{"0":1,"1":1,"2":1,"3":1,"4":0,"5":0,"6":0,"7":0,"8":1,"9":1},"f":{"0":0},"b":{"0":[0]}}
}
